<?xml version="1.0" encoding="UTF-8"?>
<robot generator="Robot 7.0 (Python 3.12.8 on win32)" generated="2025-02-04T08:16:22.114754" rpa="false" schemaversion="5">
<suite id="s1" name="Local" source="C:\Users\user\Desktop\Selber\udemy_robot_web\web_testing\local.robot">
<test id="s1-t1" name="Case Test 02 - Pesquisar um Produto" line="21">
<kw name="Abrir o navegador" owner="compartilha_resources" type="SETUP">
<kw name="Open Browser" owner="SeleniumLibrary">
<msg time="2025-02-04T08:16:22.506166" level="INFO">Opening browser 'Chrome' to base url 'https://www.amazon.com.br'.</msg>
<arg>${URL}</arg>
<arg>Chrome</arg>
<doc>Opens a new browser instance to the optional ``url``.</doc>
<status status="PASS" start="2025-02-04T08:16:22.505168" elapsed="4.488904"/>
</kw>
<kw name="Maximize Browser Window" owner="SeleniumLibrary">
<doc>Maximizes current browser window.</doc>
<status status="PASS" start="2025-02-04T08:16:26.994072" elapsed="0.090970"/>
</kw>
<status status="PASS" start="2025-02-04T08:16:22.505168" elapsed="4.579874"/>
</kw>
<kw name="Acessar a home page do site Amazon.com.br" owner="compartilha_resources">
<kw name="Go To" owner="SeleniumLibrary">
<msg time="2025-02-04T08:16:27.088432" level="INFO">Opening url 'https://www.amazon.com.br'</msg>
<arg>${URL}</arg>
<doc>Navigates the current browser window to the provided ``url``.</doc>
<status status="PASS" start="2025-02-04T08:16:27.088432" elapsed="0.878249"/>
</kw>
<kw name="Wait Until Element Is Visible" owner="SeleniumLibrary">
<arg>${MENU_TODOS}</arg>
<arg>timeout=10s</arg>
<doc>Waits until the element ``locator`` is visible.</doc>
<status status="PASS" start="2025-02-04T08:16:27.966681" elapsed="0.267419"/>
</kw>
<status status="PASS" start="2025-02-04T08:16:27.087988" elapsed="1.147110"/>
</kw>
<kw name="Digitar o nome de produto &quot;Xbox Series S&quot; no campo de pesquisa" owner="compartilha_resources" source_name="Digitar o nome de produto &quot;${PRODUTO}&quot; no campo de pesquisa">
<kw name="Input Text" owner="SeleniumLibrary">
<msg time="2025-02-04T08:16:28.237309" level="INFO">Typing text 'Xbox Series S' into text field 'twotabsearchtextbox'.</msg>
<arg>locator=twotabsearchtextbox</arg>
<arg>text=${PRODUTO}</arg>
<doc>Types the given ``text`` into the text field identified by ``locator``.</doc>
<status status="PASS" start="2025-02-04T08:16:28.236097" elapsed="0.256412"/>
</kw>
<status status="PASS" start="2025-02-04T08:16:28.235098" elapsed="0.257411"/>
</kw>
<kw name="Clicar no botão de pesquisa" owner="compartilha_resources">
<kw name="Click Element" owner="SeleniumLibrary">
<msg time="2025-02-04T08:16:28.494505" level="INFO">Clicking element 'nav-search-submit-button'.</msg>
<arg>locator=nav-search-submit-button</arg>
<doc>Click the element identified by ``locator``.</doc>
<status status="PASS" start="2025-02-04T08:16:28.494505" elapsed="2.220395"/>
</kw>
<status status="PASS" start="2025-02-04T08:16:28.493628" elapsed="2.221272"/>
</kw>
<kw name="Verificar o resultao da pesquisa se está listando o produto &quot;Console Xbox Series S&quot;" owner="compartilha_resources" source_name="Verificar o resultao da pesquisa se está listando o produto &quot;${PRODUTO}&quot;">
<kw name="Wait Until Element Is Visible" owner="SeleniumLibrary">
<arg>locator=((//span[contains(.,'${PRODUTO}')])[3])</arg>
<doc>Waits until the element ``locator`` is visible.</doc>
<status status="PASS" start="2025-02-04T08:16:30.716817" elapsed="0.038851"/>
</kw>
<status status="PASS" start="2025-02-04T08:16:30.716817" elapsed="0.038851"/>
</kw>
<kw name="Fechar navegador" owner="compartilha_resources" type="TEARDOWN">
<kw name="Capture Page Screenshot" owner="SeleniumLibrary">
<msg time="2025-02-04T08:16:30.990421" level="INFO" html="true">&lt;/td&gt;&lt;/tr&gt;&lt;tr&gt;&lt;td colspan="3"&gt;&lt;a href="selenium-screenshot-15.png"&gt;&lt;img src="selenium-screenshot-15.png" width="800px"&gt;&lt;/a&gt;</msg>
<doc>Takes a screenshot of the current page and embeds it into a log file.</doc>
<status status="PASS" start="2025-02-04T08:16:30.756638" elapsed="0.233783"/>
</kw>
<kw name="Close Browser" owner="SeleniumLibrary">
<doc>Closes the current browser.</doc>
<status status="PASS" start="2025-02-04T08:16:30.990421" elapsed="2.816811"/>
</kw>
<status status="PASS" start="2025-02-04T08:16:30.756638" elapsed="3.050594"/>
</kw>
<tag>busca_produto</tag>
<tag>lista_busca</tag>
<status status="PASS" start="2025-02-04T08:16:22.504171" elapsed="11.303599"/>
</test>
<doc>Essa suite testa o site da Amazon.com.br</doc>
<status status="PASS" start="2025-02-04T08:16:22.121214" elapsed="11.687555"/>
</suite>
<statistics>
<total>
<stat pass="1" fail="0" skip="0">All Tests</stat>
</total>
<tag>
<stat pass="1" fail="0" skip="0">busca_produto</stat>
<stat pass="1" fail="0" skip="0">lista_busca</stat>
</tag>
<suite>
<stat pass="1" fail="0" skip="0" id="s1" name="Local">Local</stat>
</suite>
</statistics>
<errors>
</errors>
</robot>
